<?xml version="1.0" encoding="UTF-8"?>
<!-- Generated by org.testng.reporters.JUnitXMLReporter -->
<testsuite ignored="0" hostname="LIN-5CD51716WX" failures="1" tests="20" name="Parallel Profile Tests" time="103.096" errors="0" timestamp="2025-09-15T00:15:06 IST">
  <testcase classname="com.nobroker.test.Profile" name="@BeforeMethod initTestandParameters" time="78.543">
    <failure type="org.openqa.selenium.SessionNotCreatedException" message="Could not start a new session. Response code 500. Message: Failed to decode response from marionette 
Host info: host: &amp;apos;LIN-5CD51716WX&amp;apos;, ip: &amp;apos;192.168.0.102&amp;apos;
Build info: version: &amp;apos;4.35.0&amp;apos;, revision: &amp;apos;1c58e5028b&amp;apos;
System info: os.name: &amp;apos;Windows 11&amp;apos;, os.arch: &amp;apos;amd64&amp;apos;, os.version: &amp;apos;10.0&amp;apos;, java.version: &amp;apos;21.0.8&amp;apos;
Driver info: org.openqa.selenium.firefox.FirefoxDriver
Command: [null, newSession {capabilities=[Capabilities {acceptInsecureCerts: true, browserName: firefox, moz:firefoxOptions: {args: [-private], binary: C:\Program Files\Mozilla Fi..., prefs: {dom.webnotifications.enabled: false, permissions.default.desktop-notification: 2, remote.active-protocols: 1}}}]}]">
      <![CDATA[org.openqa.selenium.SessionNotCreatedException: Could not start a new session. Response code 500. Message: Failed to decode response from marionette 
Host info: host: 'LIN-5CD51716WX', ip: '192.168.0.102'
Build info: version: '4.35.0', revision: '1c58e5028b'
System info: os.name: 'Windows 11', os.arch: 'amd64', os.version: '10.0', java.version: '21.0.8'
Driver info: org.openqa.selenium.firefox.FirefoxDriver
Command: [null, newSession {capabilities=[Capabilities {acceptInsecureCerts: true, browserName: firefox, moz:firefoxOptions: {args: [-private], binary: C:\Program Files\Mozilla Fi..., prefs: {dom.webnotifications.enabled: false, permissions.default.desktop-notification: 2, remote.active-protocols: 1}}}]}]
at org.openqa.selenium.remote.ProtocolHandshake.createSession(ProtocolHandshake.java:114)
at org.openqa.selenium.remote.ProtocolHandshake.createSession(ProtocolHandshake.java:75)
at org.openqa.selenium.remote.ProtocolHandshake.createSession(ProtocolHandshake.java:61)
at org.openqa.selenium.remote.HttpCommandExecutor.execute(HttpCommandExecutor.java:187)
at org.openqa.selenium.remote.service.DriverCommandExecutor.invokeExecute(DriverCommandExecutor.java:216)
at org.openqa.selenium.remote.service.DriverCommandExecutor.execute(DriverCommandExecutor.java:174)
at org.openqa.selenium.remote.RemoteWebDriver.execute(RemoteWebDriver.java:557)
at org.openqa.selenium.remote.RemoteWebDriver.startSession(RemoteWebDriver.java:246)
at org.openqa.selenium.remote.RemoteWebDriver.<init>(RemoteWebDriver.java:174)
at org.openqa.selenium.firefox.FirefoxDriver.<init>(FirefoxDriver.java:137)
at org.openqa.selenium.firefox.FirefoxDriver.<init>(FirefoxDriver.java:132)
at org.openqa.selenium.firefox.FirefoxDriver.<init>(FirefoxDriver.java:114)
at org.openqa.selenium.firefox.FirefoxDriver.<init>(FirefoxDriver.java:109)
at org.openqa.selenium.firefox.FirefoxDriver.<init>(FirefoxDriver.java:94)
at com.nobroker.setup.BaseSteps.firefoxDriver(BaseSteps.java:27)
at com.nobroker.test.Profile.initTestandParameters(Profile.java:64)
at java.base/java.util.concurrent.Executors$RunnableAdapter.call(Executors.java:572)
at java.base/java.util.concurrent.FutureTask.run(FutureTask.java:317)
at java.base/java.util.concurrent.ThreadPoolExecutor.runWorker(ThreadPoolExecutor.java:1144)
at java.base/java.util.concurrent.ThreadPoolExecutor$Worker.run(ThreadPoolExecutor.java:642)
at java.base/java.lang.Thread.run(Thread.java:1583)
... Removed 15 stack frames]]>
    </failure>
  </testcase> <!-- @BeforeMethod initTestandParameters -->
  <testcase classname="com.nobroker.test.Profile" name="@BeforeMethod setupParameters" time="0.0">
    <skipped/>
  </testcase> <!-- @BeforeMethod setupParameters -->
  <testcase classname="com.nobroker.test.Profile" name="@AfterMethod tearDown" time="0.0">
    <skipped/>
  </testcase> <!-- @AfterMethod tearDown -->
  <testcase classname="com.nobroker.test.Profile" name="@BeforeMethod initTestandParameters" time="0.0">
    <skipped/>
  </testcase> <!-- @BeforeMethod initTestandParameters -->
  <testcase classname="com.nobroker.test.Profile" name="@BeforeMethod setupParameters" time="0.0">
    <skipped/>
  </testcase> <!-- @BeforeMethod setupParameters -->
  <testcase classname="com.nobroker.test.Profile" name="@AfterMethod tearDown" time="0.0">
    <skipped/>
  </testcase> <!-- @AfterMethod tearDown -->
  <testcase classname="com.nobroker.test.Profile" name="@BeforeMethod initTestandParameters" time="0.0">
    <skipped/>
  </testcase> <!-- @BeforeMethod initTestandParameters -->
  <testcase classname="com.nobroker.test.Profile" name="@BeforeMethod setupParameters" time="0.0">
    <skipped/>
  </testcase> <!-- @BeforeMethod setupParameters -->
  <testcase classname="com.nobroker.test.Profile" name="@AfterMethod tearDown" time="0.0">
    <skipped/>
  </testcase> <!-- @AfterMethod tearDown -->
  <testcase classname="com.nobroker.test.Profile" name="@BeforeMethod setupParameters" time="0.0">
    <skipped/>
  </testcase> <!-- @BeforeMethod setupParameters -->
  <testcase classname="com.nobroker.test.Profile" name="@AfterMethod tearDown" time="0.0">
    <skipped/>
  </testcase> <!-- @AfterMethod tearDown -->
  <testcase classname="com.nobroker.test.Profile" name="@BeforeMethod initTestandParameters" time="0.0">
    <skipped/>
  </testcase> <!-- @BeforeMethod initTestandParameters -->
  <testcase classname="com.nobroker.test.Profile" name="@BeforeMethod setupParameters" time="0.0">
    <skipped/>
  </testcase> <!-- @BeforeMethod setupParameters -->
  <testcase classname="com.nobroker.test.Profile" name="@AfterMethod tearDown" time="0.0">
    <skipped/>
  </testcase> <!-- @AfterMethod tearDown -->
  <testcase classname="com.nobroker.test.Profile" name="@BeforeMethod initTestandParameters" time="0.0">
    <skipped/>
  </testcase> <!-- @BeforeMethod initTestandParameters -->
  <testcase classname="com.nobroker.test.Profile" name="@BeforeMethod setupParameters" time="0.0">
    <skipped/>
  </testcase> <!-- @BeforeMethod setupParameters -->
  <testcase classname="com.nobroker.test.Profile" name="@AfterMethod tearDown" time="0.0">
    <skipped/>
  </testcase> <!-- @AfterMethod tearDown -->
  <testcase classname="com.nobroker.test.Profile" name="@BeforeMethod initTestandParameters" time="91.279">
    <failure type="org.openqa.selenium.SessionNotCreatedException" message="Could not start a new session. Response code 500. Message: Failed to decode response from marionette 
Host info: host: &amp;apos;LIN-5CD51716WX&amp;apos;, ip: &amp;apos;192.168.0.102&amp;apos;
Build info: version: &amp;apos;4.35.0&amp;apos;, revision: &amp;apos;1c58e5028b&amp;apos;
System info: os.name: &amp;apos;Windows 11&amp;apos;, os.arch: &amp;apos;amd64&amp;apos;, os.version: &amp;apos;10.0&amp;apos;, java.version: &amp;apos;21.0.8&amp;apos;
Driver info: org.openqa.selenium.firefox.FirefoxDriver
Command: [null, newSession {capabilities=[Capabilities {acceptInsecureCerts: true, browserName: firefox, moz:firefoxOptions: {args: [-private], binary: C:\Program Files\Mozilla Fi..., prefs: {dom.webnotifications.enabled: false, permissions.default.desktop-notification: 2, remote.active-protocols: 1}}}]}]">
      <![CDATA[org.openqa.selenium.SessionNotCreatedException: Could not start a new session. Response code 500. Message: Failed to decode response from marionette 
Host info: host: 'LIN-5CD51716WX', ip: '192.168.0.102'
Build info: version: '4.35.0', revision: '1c58e5028b'
System info: os.name: 'Windows 11', os.arch: 'amd64', os.version: '10.0', java.version: '21.0.8'
Driver info: org.openqa.selenium.firefox.FirefoxDriver
Command: [null, newSession {capabilities=[Capabilities {acceptInsecureCerts: true, browserName: firefox, moz:firefoxOptions: {args: [-private], binary: C:\Program Files\Mozilla Fi..., prefs: {dom.webnotifications.enabled: false, permissions.default.desktop-notification: 2, remote.active-protocols: 1}}}]}]
at org.openqa.selenium.remote.ProtocolHandshake.createSession(ProtocolHandshake.java:114)
at org.openqa.selenium.remote.ProtocolHandshake.createSession(ProtocolHandshake.java:75)
at org.openqa.selenium.remote.ProtocolHandshake.createSession(ProtocolHandshake.java:61)
at org.openqa.selenium.remote.HttpCommandExecutor.execute(HttpCommandExecutor.java:187)
at org.openqa.selenium.remote.service.DriverCommandExecutor.invokeExecute(DriverCommandExecutor.java:216)
at org.openqa.selenium.remote.service.DriverCommandExecutor.execute(DriverCommandExecutor.java:174)
at org.openqa.selenium.remote.RemoteWebDriver.execute(RemoteWebDriver.java:557)
at org.openqa.selenium.remote.RemoteWebDriver.startSession(RemoteWebDriver.java:246)
at org.openqa.selenium.remote.RemoteWebDriver.<init>(RemoteWebDriver.java:174)
at org.openqa.selenium.firefox.FirefoxDriver.<init>(FirefoxDriver.java:137)
at org.openqa.selenium.firefox.FirefoxDriver.<init>(FirefoxDriver.java:132)
at org.openqa.selenium.firefox.FirefoxDriver.<init>(FirefoxDriver.java:114)
at org.openqa.selenium.firefox.FirefoxDriver.<init>(FirefoxDriver.java:109)
at org.openqa.selenium.firefox.FirefoxDriver.<init>(FirefoxDriver.java:94)
at com.nobroker.setup.BaseSteps.firefoxDriver(BaseSteps.java:27)
at com.nobroker.test.Profile.initTestandParameters(Profile.java:64)
at java.base/java.util.concurrent.Executors$RunnableAdapter.call(Executors.java:572)
at java.base/java.util.concurrent.FutureTask.run(FutureTask.java:317)
at java.base/java.util.concurrent.ThreadPoolExecutor.runWorker(ThreadPoolExecutor.java:1144)
at java.base/java.util.concurrent.ThreadPoolExecutor$Worker.run(ThreadPoolExecutor.java:642)
at java.base/java.lang.Thread.run(Thread.java:1583)
... Removed 15 stack frames]]>
    </failure>
  </testcase> <!-- @BeforeMethod initTestandParameters -->
  <testcase classname="com.nobroker.test.Profile" name="@BeforeMethod setupParameters" time="0.0">
    <skipped/>
  </testcase> <!-- @BeforeMethod setupParameters -->
  <testcase classname="com.nobroker.test.Profile" name="@AfterMethod tearDown" time="0.0">
    <skipped/>
  </testcase> <!-- @AfterMethod tearDown -->
  <testcase classname="com.nobroker.test.Profile" name="@BeforeMethod initTestandParameters" time="0.0">
    <skipped/>
  </testcase> <!-- @BeforeMethod initTestandParameters -->
  <testcase classname="com.nobroker.test.Profile" name="@BeforeMethod setupParameters" time="0.0">
    <skipped/>
  </testcase> <!-- @BeforeMethod setupParameters -->
  <testcase classname="com.nobroker.test.Profile" name="@AfterMethod tearDown" time="0.0">
    <skipped/>
  </testcase> <!-- @AfterMethod tearDown -->
  <testcase classname="com.nobroker.test.Profile" name="@BeforeMethod initTestandParameters" time="0.0">
    <skipped/>
  </testcase> <!-- @BeforeMethod initTestandParameters -->
  <testcase classname="com.nobroker.test.Profile" name="@BeforeMethod setupParameters" time="0.0">
    <skipped/>
  </testcase> <!-- @BeforeMethod setupParameters -->
  <testcase classname="com.nobroker.test.Profile" name="@AfterMethod tearDown" time="0.0">
    <skipped/>
  </testcase> <!-- @AfterMethod tearDown -->
  <testcase classname="com.nobroker.test.Profile" name="@BeforeMethod initTestandParameters" time="0.0">
    <skipped/>
  </testcase> <!-- @BeforeMethod initTestandParameters -->
  <testcase classname="com.nobroker.test.Profile" name="@BeforeMethod setupParameters" time="0.0">
    <skipped/>
  </testcase> <!-- @BeforeMethod setupParameters -->
  <testcase classname="com.nobroker.test.Profile" name="@AfterMethod tearDown" time="0.0">
    <skipped/>
  </testcase> <!-- @AfterMethod tearDown -->
  <testcase classname="com.nobroker.test.Profile" name="@BeforeMethod initTestandParameters" time="0.0">
    <skipped/>
  </testcase> <!-- @BeforeMethod initTestandParameters -->
  <testcase classname="com.nobroker.test.Profile" name="@BeforeMethod setupParameters" time="0.0">
    <skipped/>
  </testcase> <!-- @BeforeMethod setupParameters -->
  <testcase classname="com.nobroker.test.Profile" name="@AfterMethod tearDown" time="0.0">
    <skipped/>
  </testcase> <!-- @AfterMethod tearDown -->
  <testcase classname="com.nobroker.test.Profile" name="@BeforeMethod initTestandParameters" time="0.0">
    <skipped/>
  </testcase> <!-- @BeforeMethod initTestandParameters -->
  <testcase classname="com.nobroker.test.Profile" name="@BeforeMethod setupParameters" time="0.0">
    <skipped/>
  </testcase> <!-- @BeforeMethod setupParameters -->
  <testcase classname="com.nobroker.test.Profile" name="@AfterMethod tearDown" time="0.0">
    <skipped/>
  </testcase> <!-- @AfterMethod tearDown -->
  <testcase classname="com.nobroker.test.Profile" name="@BeforeMethod initTestandParameters" time="0.0">
    <skipped/>
  </testcase> <!-- @BeforeMethod initTestandParameters -->
  <testcase classname="com.nobroker.test.Profile" name="@BeforeMethod setupParameters" time="0.0">
    <skipped/>
  </testcase> <!-- @BeforeMethod setupParameters -->
  <testcase classname="com.nobroker.test.Profile" name="@AfterMethod tearDown" time="0.0">
    <skipped/>
  </testcase> <!-- @AfterMethod tearDown -->
  <testcase classname="com.nobroker.test.Profile" name="@BeforeMethod initTestandParameters" time="0.0">
    <skipped/>
  </testcase> <!-- @BeforeMethod initTestandParameters -->
  <testcase classname="com.nobroker.test.Profile" name="@BeforeMethod setupParameters" time="0.0">
    <skipped/>
  </testcase> <!-- @BeforeMethod setupParameters -->
  <testcase classname="com.nobroker.test.Profile" name="@AfterMethod tearDown" time="0.0">
    <skipped/>
  </testcase> <!-- @AfterMethod tearDown -->
  <testcase classname="com.nobroker.test.Profile" name="@BeforeMethod initTestandParameters" time="0.0">
    <skipped/>
  </testcase> <!-- @BeforeMethod initTestandParameters -->
  <testcase classname="com.nobroker.test.Profile" name="@BeforeMethod setupParameters" time="0.0">
    <skipped/>
  </testcase> <!-- @BeforeMethod setupParameters -->
  <testcase classname="com.nobroker.test.Profile" name="@AfterMethod tearDown" time="0.0">
    <skipped/>
  </testcase> <!-- @AfterMethod tearDown -->
  <testcase classname="com.nobroker.test.Profile" name="@BeforeMethod initTestandParameters" time="0.0">
    <skipped/>
  </testcase> <!-- @BeforeMethod initTestandParameters -->
  <testcase classname="com.nobroker.test.Profile" name="@BeforeMethod setupParameters" time="0.0">
    <skipped/>
  </testcase> <!-- @BeforeMethod setupParameters -->
  <testcase classname="com.nobroker.test.Profile" name="@AfterMethod tearDown" time="0.0">
    <skipped/>
  </testcase> <!-- @AfterMethod tearDown -->
  <testcase classname="com.nobroker.test.Profile" name="@BeforeMethod initTestandParameters" time="0.0">
    <skipped/>
  </testcase> <!-- @BeforeMethod initTestandParameters -->
  <testcase classname="com.nobroker.test.Profile" name="@BeforeMethod setupParameters" time="0.0">
    <skipped/>
  </testcase> <!-- @BeforeMethod setupParameters -->
  <testcase classname="com.nobroker.test.Profile" name="@AfterMethod tearDown" time="0.0">
    <skipped/>
  </testcase> <!-- @AfterMethod tearDown -->
  <testcase classname="com.nobroker.test.Profile" name="@BeforeMethod setupParameters" time="0.0">
    <skipped/>
  </testcase> <!-- @BeforeMethod setupParameters -->
  <testcase classname="com.nobroker.test.Profile" name="@AfterMethod tearDown" time="0.0">
    <skipped/>
  </testcase> <!-- @AfterMethod tearDown -->
  <testcase classname="com.nobroker.test.Profile" name="@BeforeMethod initTestandParameters" time="0.0">
    <skipped/>
  </testcase> <!-- @BeforeMethod initTestandParameters -->
  <testcase classname="com.nobroker.test.Profile" name="@BeforeMethod setupParameters" time="0.0">
    <skipped/>
  </testcase> <!-- @BeforeMethod setupParameters -->
  <testcase classname="com.nobroker.test.Profile" name="@AfterMethod tearDown" time="0.0">
    <skipped/>
  </testcase> <!-- @AfterMethod tearDown -->
  <testcase classname="com.nobroker.test.Profile" name="@AfterClass finalizeReport" time="0.0">
    <skipped/>
  </testcase> <!-- @AfterClass finalizeReport -->
  <testcase classname="com.nobroker.test.Profile" name="invalidInputSearch" time="0.001">
    <skipped/>
  </testcase> <!-- invalidInputSearch -->
  <testcase classname="com.nobroker.test.Profile" name="invalidInputSearch" time="0.0">
    <skipped/>
  </testcase> <!-- invalidInputSearch -->
  <testcase classname="com.nobroker.test.Profile" name="invalidInputSearch" time="0.005">
    <skipped/>
  </testcase> <!-- invalidInputSearch -->
  <testcase classname="com.nobroker.test.Profile" name="validSearchWithLocalities" time="0.0">
    <skipped/>
  </testcase> <!-- validSearchWithLocalities -->
  <testcase classname="com.nobroker.test.Profile" name="validSearchWithLocalities" time="0.0">
    <skipped/>
  </testcase> <!-- validSearchWithLocalities -->
  <testcase classname="com.nobroker.test.Profile" name="validSearchWithLocalities" time="0.0">
    <skipped/>
  </testcase> <!-- validSearchWithLocalities -->
  <testcase classname="com.nobroker.test.Profile" name="validInputTest" time="0.0">
    <skipped/>
  </testcase> <!-- validInputTest -->
  <testcase classname="com.nobroker.test.Profile" name="validInputTest" time="0.0">
    <skipped/>
  </testcase> <!-- validInputTest -->
  <testcase classname="com.nobroker.test.Profile" name="validInputTest" time="0.0">
    <skipped/>
  </testcase> <!-- validInputTest -->
  <testcase classname="com.nobroker.test.Profile" name="getOwnerDetailsWithoutLogin" time="0.0">
    <skipped/>
  </testcase> <!-- getOwnerDetailsWithoutLogin -->
  <testcase classname="com.nobroker.test.Profile" name="getOwnerDetailsWithLogin" time="0.0">
    <skipped/>
  </testcase> <!-- getOwnerDetailsWithLogin -->
  <testcase classname="com.nobroker.test.Profile" name="sortProperties" time="0.0">
    <skipped/>
  </testcase> <!-- sortProperties -->
  <testcase classname="com.nobroker.test.Profile" name="validFilters" time="12.592">
    <failure type="org.testng.internal.reflect.MethodMatcherException" message="
[public void com.nobroker.test.Profile.validFilters(java.lang.String,java.lang.String,java.lang.String,java.lang.String,java.lang.String,int,int,java.lang.String,java.lang.String,java.lang.String,java.lang.String,java.lang.String) throws java.lang.InterruptedException] has no parameters defined but was found to be using a data provider (either explicitly specified or inherited from class level annotation).
Data provider mismatch
Method: validFilters([java.lang.String arg0, java.lang.String arg1, java.lang.String arg2, java.lang.String arg3, java.lang.String arg4, int arg5, int arg6, java.lang.String arg7, java.lang.String arg8, java.lang.String arg9, java.lang.String arg10, java.lang.String arg11])
Arguments: [(java.lang.String) 3 BHK,(java.lang.Integer) 15000,(java.lang.Integer) 100000,(java.lang.String) Immediate,(java.lang.String) family,(java.lang.String) apartment,(java.lang.String) Full,(java.lang.String) 4-wheeler]">
      <![CDATA[org.testng.internal.reflect.MethodMatcherException: 
[public void com.nobroker.test.Profile.validFilters(java.lang.String,java.lang.String,java.lang.String,java.lang.String,java.lang.String,int,int,java.lang.String,java.lang.String,java.lang.String,java.lang.String,java.lang.String) throws java.lang.InterruptedException] has no parameters defined but was found to be using a data provider (either explicitly specified or inherited from class level annotation).
Data provider mismatch
Method: validFilters([java.lang.String arg0, java.lang.String arg1, java.lang.String arg2, java.lang.String arg3, java.lang.String arg4, int arg5, int arg6, java.lang.String arg7, java.lang.String arg8, java.lang.String arg9, java.lang.String arg10, java.lang.String arg11])
Arguments: [(java.lang.String) 3 BHK,(java.lang.Integer) 15000,(java.lang.Integer) 100000,(java.lang.String) Immediate,(java.lang.String) family,(java.lang.String) apartment,(java.lang.String) Full,(java.lang.String) 4-wheeler]
at java.base/java.util.concurrent.Executors$RunnableAdapter.call(Executors.java:572)
at java.base/java.util.concurrent.FutureTask.run(FutureTask.java:317)
at java.base/java.util.concurrent.ThreadPoolExecutor.runWorker(ThreadPoolExecutor.java:1144)
at java.base/java.util.concurrent.ThreadPoolExecutor$Worker.run(ThreadPoolExecutor.java:642)
at java.base/java.lang.Thread.run(Thread.java:1583)
... Removed 8 stack frames]]>
    </failure>
  </testcase> <!-- validFilters -->
  <testcase classname="com.nobroker.test.Profile" name="resetFilters" time="0.0">
    <skipped/>
  </testcase> <!-- resetFilters -->
  <testcase classname="com.nobroker.test.Profile" name="resetFilters" time="0.0">
    <skipped/>
  </testcase> <!-- resetFilters -->
  <testcase classname="com.nobroker.test.Profile" name="resetFilters" time="0.0">
    <skipped/>
  </testcase> <!-- resetFilters -->
  <testcase classname="com.nobroker.test.Profile" name="resetFilters" time="0.0">
    <skipped/>
  </testcase> <!-- resetFilters -->
  <testcase classname="com.nobroker.test.Profile" name="resetFilters" time="0.0">
    <skipped/>
  </testcase> <!-- resetFilters -->
  <testcase classname="com.nobroker.test.Profile" name="validSearchWith4Localities" time="0.0">
    <skipped/>
  </testcase> <!-- validSearchWith4Localities -->
  <testcase classname="com.nobroker.test.Profile" name="validSearchWith4Localities" time="0.0">
    <skipped/>
  </testcase> <!-- validSearchWith4Localities -->
</testsuite> <!-- Parallel Profile Tests -->
